The request analysis.setContextRoots failed with the following error:
RequestErrorCode.PLUGIN_ERROR
Failed to read pubspec.yaml at G:\WorkingPlace\Personal\adventure\client\askservice-mobile:
ParsedYamlException: line 3, column 13: Unsupported value for "publish_to". Must be an http or https URL.
  ╷
3 │ publish_to: "Firebase App Distribute"
  │             ^^^^^^^^^^^^^^^^^^^^^^^^^
  ╵
#0      checkedYamlDecode (package:checked_yaml/checked_yaml.dart:48:5)
#1      new Pubspec.parse (package:pubspec_parse/src/pubspec.dart:171:7)
#2      parsePubspec (package:custom_lint/src/package_utils.dart:85:18)
<asynchronous suspension>
#3      CustomLintProject.parse (package:custom_lint/src/workspace.dart:987:28)
<asynchronous suspension>
#4      Future.wait.<anonymous closure> (dart:async/future.dart:523:21)
<asynchronous suspension>
#5      CustomLintWorkspace.fromContextRoots (package:custom_lint/src/workspace.dart:490:22)
<asynchronous suspension>
#6      SocketCustomLintServerToClientChannel.create (package:custom_lint/src/v2/server_to_client_channel.dart:54:23)
<asynchronous suspension>
#7      CustomLintServer._maybeSpawnCustomLintPlugin (package:custom_lint/src/v2/custom_lint_analyzer_plugin.dart:354:23)
<asynchronous suspension>
#8      CustomLintServer._handleAnalysisSetContextRoots.<anonymous closure> (package:custom_lint/src/v2/custom_lint_analyzer_plugin.dart:335:9)
<asynchronous suspension>
#9      PendingOperation.run (package:custom_lint/src/async_operation.dart:22:14)
<asynchronous suspension>
#10     CustomLintServer._handleRequest (package:custom_lint/src/v2/custom_lint_analyzer_plugin.dart:167:22)
<asynchronous suspension>

at:
#0      CustomLintProject.parse.<anonymous closure> (package:custom_lint/src/workspace.dart:990:7)
#1      _rootRunBinary (dart:async/zone.dart:1423:47)
#2      _CustomZone.runBinary (dart:async/zone.dart:1315:19)
#3      _FutureListener.handleError (dart:async/future_impl.dart:177:22)
#4      Future._propagateToListeners.handleError (dart:async/future_impl.dart:858:47)
#5      Future._propagateToListeners (dart:async/future_impl.dart:879:13)
#6      Future._completeError (dart:async/future_impl.dart:655:5)
<asynchronous suspension>

The request analysis.setContextRoots failed with the following error:
RequestErrorCode.PLUGIN_ERROR
Failed to read pubspec.yaml at G:\WorkingPlace\Personal\adventure\client\askservice-mobile:
ParsedYamlException: line 3, column 13: Unsupported value for "publish_to". Must be an http or https URL.
  ╷
3 │ publish_to: "Firebase App Distribute"
  │             ^^^^^^^^^^^^^^^^^^^^^^^^^
  ╵
#0      checkedYamlDecode (package:checked_yaml/checked_yaml.dart:48:5)
#1      new Pubspec.parse (package:pubspec_parse/src/pubspec.dart:171:7)
#2      parsePubspec (package:custom_lint/src/package_utils.dart:85:18)
<asynchronous suspension>
#3      CustomLintProject.parse (package:custom_lint/src/workspace.dart:987:28)
<asynchronous suspension>
#4      Future.wait.<anonymous closure> (dart:async/future.dart:523:21)
<asynchronous suspension>
#5      CustomLintWorkspace.fromContextRoots (package:custom_lint/src/workspace.dart:490:22)
<asynchronous suspension>
#6      SocketCustomLintServerToClientChannel.create (package:custom_lint/src/v2/server_to_client_channel.dart:54:23)
<asynchronous suspension>
#7      CustomLintServer._maybeSpawnCustomLintPlugin (package:custom_lint/src/v2/custom_lint_analyzer_plugin.dart:354:23)
<asynchronous suspension>
#8      CustomLintServer._handleAnalysisSetContextRoots.<anonymous closure> (package:custom_lint/src/v2/custom_lint_analyzer_plugin.dart:335:9)
<asynchronous suspension>
#9      PendingOperation.run (package:custom_lint/src/async_operation.dart:22:14)
<asynchronous suspension>
#10     CustomLintServer._handleRequest (package:custom_lint/src/v2/custom_lint_analyzer_plugin.dart:167:22)
<asynchronous suspension>

at:
#0      CustomLintProject.parse.<anonymous closure> (package:custom_lint/src/workspace.dart:990:7)
#1      _rootRunBinary (dart:async/zone.dart:1423:47)
#2      _CustomZone.runBinary (dart:async/zone.dart:1315:19)
#3      _FutureListener.handleError (dart:async/future_impl.dart:177:22)
#4      Future._propagateToListeners.handleError (dart:async/future_impl.dart:858:47)
#5      Future._propagateToListeners (dart:async/future_impl.dart:879:13)
#6      Future._completeError (dart:async/future_impl.dart:655:5)
<asynchronous suspension>

The request analysis.updateContent failed with the following error:
RequestErrorCode.PLUGIN_ERROR
Failed to read pubspec.yaml at G:\WorkingPlace\Personal\adventure\client\askservice-mobile:
ParsedYamlException: line 3, column 13: Unsupported value for "publish_to". Must be an http or https URL.
  ╷
3 │ publish_to: "Firebase App Distribute"
  │             ^^^^^^^^^^^^^^^^^^^^^^^^^
  ╵
#0      checkedYamlDecode (package:checked_yaml/checked_yaml.dart:48:5)
#1      new Pubspec.parse (package:pubspec_parse/src/pubspec.dart:171:7)
#2      parsePubspec (package:custom_lint/src/package_utils.dart:85:18)
<asynchronous suspension>
#3      CustomLintProject.parse (package:custom_lint/src/workspace.dart:987:28)
<asynchronous suspension>
#4      Future.wait.<anonymous closure> (dart:async/future.dart:523:21)
<asynchronous suspension>
#5      CustomLintWorkspace.fromContextRoots (package:custom_lint/src/workspace.dart:490:22)
<asynchronous suspension>
#6      SocketCustomLintServerToClientChannel.create (package:custom_lint/src/v2/server_to_client_channel.dart:54:23)
<asynchronous suspension>
#7      CustomLintServer._maybeSpawnCustomLintPlugin (package:custom_lint/src/v2/custom_lint_analyzer_plugin.dart:354:23)
<asynchronous suspension>
#8      CustomLintServer._handleAnalysisSetContextRoots.<anonymous closure> (package:custom_lint/src/v2/custom_lint_analyzer_plugin.dart:335:9)
<asynchronous suspension>
#9      PendingOperation.run (package:custom_lint/src/async_operation.dart:22:14)
<asynchronous suspension>
#10     CustomLintServer._handleRequest (package:custom_lint/src/v2/custom_lint_analyzer_plugin.dart:167:22)
<asynchronous suspension>

at:
#0      CustomLintProject.parse.<anonymous closure> (package:custom_lint/src/workspace.dart:990:7)
#1      _rootRunBinary (dart:async/zone.dart:1423:47)
#2      _CustomZone.runBinary (dart:async/zone.dart:1315:19)
#3      _FutureListener.handleError (dart:async/future_impl.dart:177:22)
#4      Future._propagateToListeners.handleError (dart:async/future_impl.dart:858:47)
#5      Future._propagateToListeners (dart:async/future_impl.dart:879:13)
#6      Future._completeError (dart:async/future_impl.dart:655:5)
<asynchronous suspension>

The request analysis.setPriorityFiles failed with the following error:
RequestErrorCode.PLUGIN_ERROR
Failed to read pubspec.yaml at G:\WorkingPlace\Personal\adventure\client\askservice-mobile:
ParsedYamlException: line 3, column 13: Unsupported value for "publish_to". Must be an http or https URL.
  ╷
3 │ publish_to: "Firebase App Distribute"
  │             ^^^^^^^^^^^^^^^^^^^^^^^^^
  ╵
#0      checkedYamlDecode (package:checked_yaml/checked_yaml.dart:48:5)
#1      new Pubspec.parse (package:pubspec_parse/src/pubspec.dart:171:7)
#2      parsePubspec (package:custom_lint/src/package_utils.dart:85:18)
<asynchronous suspension>
#3      CustomLintProject.parse (package:custom_lint/src/workspace.dart:987:28)
<asynchronous suspension>
#4      Future.wait.<anonymous closure> (dart:async/future.dart:523:21)
<asynchronous suspension>
#5      CustomLintWorkspace.fromContextRoots (package:custom_lint/src/workspace.dart:490:22)
<asynchronous suspension>
#6      SocketCustomLintServerToClientChannel.create (package:custom_lint/src/v2/server_to_client_channel.dart:54:23)
<asynchronous suspension>
#7      CustomLintServer._maybeSpawnCustomLintPlugin (package:custom_lint/src/v2/custom_lint_analyzer_plugin.dart:354:23)
<asynchronous suspension>
#8      CustomLintServer._handleAnalysisSetContextRoots.<anonymous closure> (package:custom_lint/src/v2/custom_lint_analyzer_plugin.dart:335:9)
<asynchronous suspension>
#9      PendingOperation.run (package:custom_lint/src/async_operation.dart:22:14)
<asynchronous suspension>
#10     CustomLintServer._handleRequest (package:custom_lint/src/v2/custom_lint_analyzer_plugin.dart:167:22)
<asynchronous suspension>

at:
#0      CustomLintProject.parse.<anonymous closure> (package:custom_lint/src/workspace.dart:990:7)
#1      _rootRunBinary (dart:async/zone.dart:1423:47)
#2      _CustomZone.runBinary (dart:async/zone.dart:1315:19)
#3      _FutureListener.handleError (dart:async/future_impl.dart:177:22)
#4      Future._propagateToListeners.handleError (dart:async/future_impl.dart:858:47)
#5      Future._propagateToListeners (dart:async/future_impl.dart:879:13)
#6      Future._completeError (dart:async/future_impl.dart:655:5)
<asynchronous suspension>

The request analysis.setSubscriptions failed with the following error:
RequestErrorCode.PLUGIN_ERROR
Failed to read pubspec.yaml at G:\WorkingPlace\Personal\adventure\client\askservice-mobile:
ParsedYamlException: line 3, column 13: Unsupported value for "publish_to". Must be an http or https URL.
  ╷
3 │ publish_to: "Firebase App Distribute"
  │             ^^^^^^^^^^^^^^^^^^^^^^^^^
  ╵
#0      checkedYamlDecode (package:checked_yaml/checked_yaml.dart:48:5)
#1      new Pubspec.parse (package:pubspec_parse/src/pubspec.dart:171:7)
#2      parsePubspec (package:custom_lint/src/package_utils.dart:85:18)
<asynchronous suspension>
#3      CustomLintProject.parse (package:custom_lint/src/workspace.dart:987:28)
<asynchronous suspension>
#4      Future.wait.<anonymous closure> (dart:async/future.dart:523:21)
<asynchronous suspension>
#5      CustomLintWorkspace.fromContextRoots (package:custom_lint/src/workspace.dart:490:22)
<asynchronous suspension>
#6      SocketCustomLintServerToClientChannel.create (package:custom_lint/src/v2/server_to_client_channel.dart:54:23)
<asynchronous suspension>
#7      CustomLintServer._maybeSpawnCustomLintPlugin (package:custom_lint/src/v2/custom_lint_analyzer_plugin.dart:354:23)
<asynchronous suspension>
#8      CustomLintServer._handleAnalysisSetContextRoots.<anonymous closure> (package:custom_lint/src/v2/custom_lint_analyzer_plugin.dart:335:9)
<asynchronous suspension>
#9      PendingOperation.run (package:custom_lint/src/async_operation.dart:22:14)
<asynchronous suspension>
#10     CustomLintServer._handleRequest (package:custom_lint/src/v2/custom_lint_analyzer_plugin.dart:167:22)
<asynchronous suspension>

at:
#0      CustomLintProject.parse.<anonymous closure> (package:custom_lint/src/workspace.dart:990:7)
#1      _rootRunBinary (dart:async/zone.dart:1423:47)
#2      _CustomZone.runBinary (dart:async/zone.dart:1315:19)
#3      _FutureListener.handleError (dart:async/future_impl.dart:177:22)
#4      Future._propagateToListeners.handleError (dart:async/future_impl.dart:858:47)
#5      Future._propagateToListeners (dart:async/future_impl.dart:879:13)
#6      Future._completeError (dart:async/future_impl.dart:655:5)
<asynchronous suspension>

The request edit.getFixes failed with the following error:
RequestErrorCode.PLUGIN_ERROR
Failed to read pubspec.yaml at G:\WorkingPlace\Personal\adventure\client\askservice-mobile:
ParsedYamlException: line 3, column 13: Unsupported value for "publish_to". Must be an http or https URL.
  ╷
3 │ publish_to: "Firebase App Distribute"
  │             ^^^^^^^^^^^^^^^^^^^^^^^^^
  ╵
#0      checkedYamlDecode (package:checked_yaml/checked_yaml.dart:48:5)
#1      new Pubspec.parse (package:pubspec_parse/src/pubspec.dart:171:7)
#2      parsePubspec (package:custom_lint/src/package_utils.dart:85:18)
<asynchronous suspension>
#3      CustomLintProject.parse (package:custom_lint/src/workspace.dart:987:28)
<asynchronous suspension>
#4      Future.wait.<anonymous closure> (dart:async/future.dart:523:21)
<asynchronous suspension>
#5      CustomLintWorkspace.fromContextRoots (package:custom_lint/src/workspace.dart:490:22)
<asynchronous suspension>
#6      SocketCustomLintServerToClientChannel.create (package:custom_lint/src/v2/server_to_client_channel.dart:54:23)
<asynchronous suspension>
#7      CustomLintServer._maybeSpawnCustomLintPlugin (package:custom_lint/src/v2/custom_lint_analyzer_plugin.dart:354:23)
<asynchronous suspension>
#8      CustomLintServer._handleAnalysisSetContextRoots.<anonymous closure> (package:custom_lint/src/v2/custom_lint_analyzer_plugin.dart:335:9)
<asynchronous suspension>
#9      PendingOperation.run (package:custom_lint/src/async_operation.dart:22:14)
<asynchronous suspension>
#10     CustomLintServer._handleRequest (package:custom_lint/src/v2/custom_lint_analyzer_plugin.dart:167:22)
<asynchronous suspension>

at:
#0      CustomLintProject.parse.<anonymous closure> (package:custom_lint/src/workspace.dart:990:7)
#1      _rootRunBinary (dart:async/zone.dart:1423:47)
#2      _CustomZone.runBinary (dart:async/zone.dart:1315:19)
#3      _FutureListener.handleError (dart:async/future_impl.dart:177:22)
#4      Future._propagateToListeners.handleError (dart:async/future_impl.dart:858:47)
#5      Future._propagateToListeners (dart:async/future_impl.dart:879:13)
#6      Future._completeError (dart:async/future_impl.dart:655:5)
<asynchronous suspension>

The request edit.getFixes failed with the following error:
RequestErrorCode.PLUGIN_ERROR
Failed to read pubspec.yaml at G:\WorkingPlace\Personal\adventure\client\askservice-mobile:
ParsedYamlException: line 3, column 13: Unsupported value for "publish_to". Must be an http or https URL.
  ╷
3 │ publish_to: "Firebase App Distribute"
  │             ^^^^^^^^^^^^^^^^^^^^^^^^^
  ╵
#0      checkedYamlDecode (package:checked_yaml/checked_yaml.dart:48:5)
#1      new Pubspec.parse (package:pubspec_parse/src/pubspec.dart:171:7)
#2      parsePubspec (package:custom_lint/src/package_utils.dart:85:18)
<asynchronous suspension>
#3      CustomLintProject.parse (package:custom_lint/src/workspace.dart:987:28)
<asynchronous suspension>
#4      Future.wait.<anonymous closure> (dart:async/future.dart:523:21)
<asynchronous suspension>
#5      CustomLintWorkspace.fromContextRoots (package:custom_lint/src/workspace.dart:490:22)
<asynchronous suspension>
#6      SocketCustomLintServerToClientChannel.create (package:custom_lint/src/v2/server_to_client_channel.dart:54:23)
<asynchronous suspension>
#7      CustomLintServer._maybeSpawnCustomLintPlugin (package:custom_lint/src/v2/custom_lint_analyzer_plugin.dart:354:23)
<asynchronous suspension>
#8      CustomLintServer._handleAnalysisSetContextRoots.<anonymous closure> (package:custom_lint/src/v2/custom_lint_analyzer_plugin.dart:335:9)
<asynchronous suspension>
#9      PendingOperation.run (package:custom_lint/src/async_operation.dart:22:14)
<asynchronous suspension>
#10     CustomLintServer._handleRequest (package:custom_lint/src/v2/custom_lint_analyzer_plugin.dart:167:22)
<asynchronous suspension>

at:
#0      CustomLintProject.parse.<anonymous closure> (package:custom_lint/src/workspace.dart:990:7)
#1      _rootRunBinary (dart:async/zone.dart:1423:47)
#2      _CustomZone.runBinary (dart:async/zone.dart:1315:19)
#3      _FutureListener.handleError (dart:async/future_impl.dart:177:22)
#4      Future._propagateToListeners.handleError (dart:async/future_impl.dart:858:47)
#5      Future._propagateToListeners (dart:async/future_impl.dart:879:13)
#6      Future._completeError (dart:async/future_impl.dart:655:5)
<asynchronous suspension>

The request edit.getAssists failed with the following error:
RequestErrorCode.PLUGIN_ERROR
Failed to read pubspec.yaml at G:\WorkingPlace\Personal\adventure\client\askservice-mobile:
ParsedYamlException: line 3, column 13: Unsupported value for "publish_to". Must be an http or https URL.
  ╷
3 │ publish_to: "Firebase App Distribute"
  │             ^^^^^^^^^^^^^^^^^^^^^^^^^
  ╵
#0      checkedYamlDecode (package:checked_yaml/checked_yaml.dart:48:5)
#1      new Pubspec.parse (package:pubspec_parse/src/pubspec.dart:171:7)
#2      parsePubspec (package:custom_lint/src/package_utils.dart:85:18)
<asynchronous suspension>
#3      CustomLintProject.parse (package:custom_lint/src/workspace.dart:987:28)
<asynchronous suspension>
#4      Future.wait.<anonymous closure> (dart:async/future.dart:523:21)
<asynchronous suspension>
#5      CustomLintWorkspace.fromContextRoots (package:custom_lint/src/workspace.dart:490:22)
<asynchronous suspension>
#6      SocketCustomLintServerToClientChannel.create (package:custom_lint/src/v2/server_to_client_channel.dart:54:23)
<asynchronous suspension>
#7      CustomLintServer._maybeSpawnCustomLintPlugin (package:custom_lint/src/v2/custom_lint_analyzer_plugin.dart:354:23)
<asynchronous suspension>
#8      CustomLintServer._handleAnalysisSetContextRoots.<anonymous closure> (package:custom_lint/src/v2/custom_lint_analyzer_plugin.dart:335:9)
<asynchronous suspension>
#9      PendingOperation.run (package:custom_lint/src/async_operation.dart:22:14)
<asynchronous suspension>
#10     CustomLintServer._handleRequest (package:custom_lint/src/v2/custom_lint_analyzer_plugin.dart:167:22)
<asynchronous suspension>

at:
#0      CustomLintProject.parse.<anonymous closure> (package:custom_lint/src/workspace.dart:990:7)
#1      _rootRunBinary (dart:async/zone.dart:1423:47)
#2      _CustomZone.runBinary (dart:async/zone.dart:1315:19)
#3      _FutureListener.handleError (dart:async/future_impl.dart:177:22)
#4      Future._propagateToListeners.handleError (dart:async/future_impl.dart:858:47)
#5      Future._propagateToListeners (dart:async/future_impl.dart:879:13)
#6      Future._completeError (dart:async/future_impl.dart:655:5)
<asynchronous suspension>

The request edit.getAssists failed with the following error:
RequestErrorCode.PLUGIN_ERROR
Failed to read pubspec.yaml at G:\WorkingPlace\Personal\adventure\client\askservice-mobile:
ParsedYamlException: line 3, column 13: Unsupported value for "publish_to". Must be an http or https URL.
  ╷
3 │ publish_to: "Firebase App Distribute"
  │             ^^^^^^^^^^^^^^^^^^^^^^^^^
  ╵
#0      checkedYamlDecode (package:checked_yaml/checked_yaml.dart:48:5)
#1      new Pubspec.parse (package:pubspec_parse/src/pubspec.dart:171:7)
#2      parsePubspec (package:custom_lint/src/package_utils.dart:85:18)
<asynchronous suspension>
#3      CustomLintProject.parse (package:custom_lint/src/workspace.dart:987:28)
<asynchronous suspension>
#4      Future.wait.<anonymous closure> (dart:async/future.dart:523:21)
<asynchronous suspension>
#5      CustomLintWorkspace.fromContextRoots (package:custom_lint/src/workspace.dart:490:22)
<asynchronous suspension>
#6      SocketCustomLintServerToClientChannel.create (package:custom_lint/src/v2/server_to_client_channel.dart:54:23)
<asynchronous suspension>
#7      CustomLintServer._maybeSpawnCustomLintPlugin (package:custom_lint/src/v2/custom_lint_analyzer_plugin.dart:354:23)
<asynchronous suspension>
#8      CustomLintServer._handleAnalysisSetContextRoots.<anonymous closure> (package:custom_lint/src/v2/custom_lint_analyzer_plugin.dart:335:9)
<asynchronous suspension>
#9      PendingOperation.run (package:custom_lint/src/async_operation.dart:22:14)
<asynchronous suspension>
#10     CustomLintServer._handleRequest (package:custom_lint/src/v2/custom_lint_analyzer_plugin.dart:167:22)
<asynchronous suspension>

at:
#0      CustomLintProject.parse.<anonymous closure> (package:custom_lint/src/workspace.dart:990:7)
#1      _rootRunBinary (dart:async/zone.dart:1423:47)
#2      _CustomZone.runBinary (dart:async/zone.dart:1315:19)
#3      _FutureListener.handleError (dart:async/future_impl.dart:177:22)
#4      Future._propagateToListeners.handleError (dart:async/future_impl.dart:858:47)
#5      Future._propagateToListeners (dart:async/future_impl.dart:879:13)
#6      Future._completeError (dart:async/future_impl.dart:655:5)
<asynchronous suspension>

The request edit.getFixes failed with the following error:
RequestErrorCode.PLUGIN_ERROR
Failed to read pubspec.yaml at G:\WorkingPlace\Personal\adventure\client\askservice-mobile:
ParsedYamlException: line 3, column 13: Unsupported value for "publish_to". Must be an http or https URL.
  ╷
3 │ publish_to: "Firebase App Distribute"
  │             ^^^^^^^^^^^^^^^^^^^^^^^^^
  ╵
#0      checkedYamlDecode (package:checked_yaml/checked_yaml.dart:48:5)
#1      new Pubspec.parse (package:pubspec_parse/src/pubspec.dart:171:7)
#2      parsePubspec (package:custom_lint/src/package_utils.dart:85:18)
<asynchronous suspension>
#3      CustomLintProject.parse (package:custom_lint/src/workspace.dart:987:28)
<asynchronous suspension>
#4      Future.wait.<anonymous closure> (dart:async/future.dart:523:21)
<asynchronous suspension>
#5      CustomLintWorkspace.fromContextRoots (package:custom_lint/src/workspace.dart:490:22)
<asynchronous suspension>
#6      SocketCustomLintServerToClientChannel.create (package:custom_lint/src/v2/server_to_client_channel.dart:54:23)
<asynchronous suspension>
#7      CustomLintServer._maybeSpawnCustomLintPlugin (package:custom_lint/src/v2/custom_lint_analyzer_plugin.dart:354:23)
<asynchronous suspension>
#8      CustomLintServer._handleAnalysisSetContextRoots.<anonymous closure> (package:custom_lint/src/v2/custom_lint_analyzer_plugin.dart:335:9)
<asynchronous suspension>
#9      PendingOperation.run (package:custom_lint/src/async_operation.dart:22:14)
<asynchronous suspension>
#10     CustomLintServer._handleRequest (package:custom_lint/src/v2/custom_lint_analyzer_plugin.dart:167:22)
<asynchronous suspension>

at:
#0      CustomLintProject.parse.<anonymous closure> (package:custom_lint/src/workspace.dart:990:7)
#1      _rootRunBinary (dart:async/zone.dart:1423:47)
#2      _CustomZone.runBinary (dart:async/zone.dart:1315:19)
#3      _FutureListener.handleError (dart:async/future_impl.dart:177:22)
#4      Future._propagateToListeners.handleError (dart:async/future_impl.dart:858:47)
#5      Future._propagateToListeners (dart:async/future_impl.dart:879:13)
#6      Future._completeError (dart:async/future_impl.dart:655:5)
<asynchronous suspension>

The request edit.getAssists failed with the following error:
RequestErrorCode.PLUGIN_ERROR
Failed to read pubspec.yaml at G:\WorkingPlace\Personal\adventure\client\askservice-mobile:
ParsedYamlException: line 3, column 13: Unsupported value for "publish_to". Must be an http or https URL.
  ╷
3 │ publish_to: "Firebase App Distribute"
  │             ^^^^^^^^^^^^^^^^^^^^^^^^^
  ╵
#0      checkedYamlDecode (package:checked_yaml/checked_yaml.dart:48:5)
#1      new Pubspec.parse (package:pubspec_parse/src/pubspec.dart:171:7)
#2      parsePubspec (package:custom_lint/src/package_utils.dart:85:18)
<asynchronous suspension>
#3      CustomLintProject.parse (package:custom_lint/src/workspace.dart:987:28)
<asynchronous suspension>
#4      Future.wait.<anonymous closure> (dart:async/future.dart:523:21)
<asynchronous suspension>
#5      CustomLintWorkspace.fromContextRoots (package:custom_lint/src/workspace.dart:490:22)
<asynchronous suspension>
#6      SocketCustomLintServerToClientChannel.create (package:custom_lint/src/v2/server_to_client_channel.dart:54:23)
<asynchronous suspension>
#7      CustomLintServer._maybeSpawnCustomLintPlugin (package:custom_lint/src/v2/custom_lint_analyzer_plugin.dart:354:23)
<asynchronous suspension>
#8      CustomLintServer._handleAnalysisSetContextRoots.<anonymous closure> (package:custom_lint/src/v2/custom_lint_analyzer_plugin.dart:335:9)
<asynchronous suspension>
#9      PendingOperation.run (package:custom_lint/src/async_operation.dart:22:14)
<asynchronous suspension>
#10     CustomLintServer._handleRequest (package:custom_lint/src/v2/custom_lint_analyzer_plugin.dart:167:22)
<asynchronous suspension>

at:
#0      CustomLintProject.parse.<anonymous closure> (package:custom_lint/src/workspace.dart:990:7)
#1      _rootRunBinary (dart:async/zone.dart:1423:47)
#2      _CustomZone.runBinary (dart:async/zone.dart:1315:19)
#3      _FutureListener.handleError (dart:async/future_impl.dart:177:22)
#4      Future._propagateToListeners.handleError (dart:async/future_impl.dart:858:47)
#5      Future._propagateToListeners (dart:async/future_impl.dart:879:13)
#6      Future._completeError (dart:async/future_impl.dart:655:5)
<asynchronous suspension>

The request analysis.setPriorityFiles failed with the following error:
RequestErrorCode.PLUGIN_ERROR
Failed to read pubspec.yaml at G:\WorkingPlace\Personal\adventure\client\askservice-mobile:
ParsedYamlException: line 3, column 13: Unsupported value for "publish_to". Must be an http or https URL.
  ╷
3 │ publish_to: "Firebase App Distribute"
  │             ^^^^^^^^^^^^^^^^^^^^^^^^^
  ╵
#0      checkedYamlDecode (package:checked_yaml/checked_yaml.dart:48:5)
#1      new Pubspec.parse (package:pubspec_parse/src/pubspec.dart:171:7)
#2      parsePubspec (package:custom_lint/src/package_utils.dart:85:18)
<asynchronous suspension>
#3      CustomLintProject.parse (package:custom_lint/src/workspace.dart:987:28)
<asynchronous suspension>
#4      Future.wait.<anonymous closure> (dart:async/future.dart:523:21)
<asynchronous suspension>
#5      CustomLintWorkspace.fromContextRoots (package:custom_lint/src/workspace.dart:490:22)
<asynchronous suspension>
#6      SocketCustomLintServerToClientChannel.create (package:custom_lint/src/v2/server_to_client_channel.dart:54:23)
<asynchronous suspension>
#7      CustomLintServer._maybeSpawnCustomLintPlugin (package:custom_lint/src/v2/custom_lint_analyzer_plugin.dart:354:23)
<asynchronous suspension>
#8      CustomLintServer._handleAnalysisSetContextRoots.<anonymous closure> (package:custom_lint/src/v2/custom_lint_analyzer_plugin.dart:335:9)
<asynchronous suspension>
#9      PendingOperation.run (package:custom_lint/src/async_operation.dart:22:14)
<asynchronous suspension>
#10     CustomLintServer._handleRequest (package:custom_lint/src/v2/custom_lint_analyzer_plugin.dart:167:22)
<asynchronous suspension>

at:
#0      CustomLintProject.parse.<anonymous closure> (package:custom_lint/src/workspace.dart:990:7)
#1      _rootRunBinary (dart:async/zone.dart:1423:47)
#2      _CustomZone.runBinary (dart:async/zone.dart:1315:19)
#3      _FutureListener.handleError (dart:async/future_impl.dart:177:22)
#4      Future._propagateToListeners.handleError (dart:async/future_impl.dart:858:47)
#5      Future._propagateToListeners (dart:async/future_impl.dart:879:13)
#6      Future._completeError (dart:async/future_impl.dart:655:5)
<asynchronous suspension>

The request analysis.setSubscriptions failed with the following error:
RequestErrorCode.PLUGIN_ERROR
Failed to read pubspec.yaml at G:\WorkingPlace\Personal\adventure\client\askservice-mobile:
ParsedYamlException: line 3, column 13: Unsupported value for "publish_to". Must be an http or https URL.
  ╷
3 │ publish_to: "Firebase App Distribute"
  │             ^^^^^^^^^^^^^^^^^^^^^^^^^
  ╵
#0      checkedYamlDecode (package:checked_yaml/checked_yaml.dart:48:5)
#1      new Pubspec.parse (package:pubspec_parse/src/pubspec.dart:171:7)
#2      parsePubspec (package:custom_lint/src/package_utils.dart:85:18)
<asynchronous suspension>
#3      CustomLintProject.parse (package:custom_lint/src/workspace.dart:987:28)
<asynchronous suspension>
#4      Future.wait.<anonymous closure> (dart:async/future.dart:523:21)
<asynchronous suspension>
#5      CustomLintWorkspace.fromContextRoots (package:custom_lint/src/workspace.dart:490:22)
<asynchronous suspension>
#6      SocketCustomLintServerToClientChannel.create (package:custom_lint/src/v2/server_to_client_channel.dart:54:23)
<asynchronous suspension>
#7      CustomLintServer._maybeSpawnCustomLintPlugin (package:custom_lint/src/v2/custom_lint_analyzer_plugin.dart:354:23)
<asynchronous suspension>
#8      CustomLintServer._handleAnalysisSetContextRoots.<anonymous closure> (package:custom_lint/src/v2/custom_lint_analyzer_plugin.dart:335:9)
<asynchronous suspension>
#9      PendingOperation.run (package:custom_lint/src/async_operation.dart:22:14)
<asynchronous suspension>
#10     CustomLintServer._handleRequest (package:custom_lint/src/v2/custom_lint_analyzer_plugin.dart:167:22)
<asynchronous suspension>

at:
#0      CustomLintProject.parse.<anonymous closure> (package:custom_lint/src/workspace.dart:990:7)
#1      _rootRunBinary (dart:async/zone.dart:1423:47)
#2      _CustomZone.runBinary (dart:async/zone.dart:1315:19)
#3      _FutureListener.handleError (dart:async/future_impl.dart:177:22)
#4      Future._propagateToListeners.handleError (dart:async/future_impl.dart:858:47)
#5      Future._propagateToListeners (dart:async/future_impl.dart:879:13)
#6      Future._completeError (dart:async/future_impl.dart:655:5)
<asynchronous suspension>

The request analysis.updateContent failed with the following error:
RequestErrorCode.PLUGIN_ERROR
Failed to read pubspec.yaml at G:\WorkingPlace\Personal\adventure\client\askservice-mobile:
ParsedYamlException: line 3, column 13: Unsupported value for "publish_to". Must be an http or https URL.
  ╷
3 │ publish_to: "Firebase App Distribute"
  │             ^^^^^^^^^^^^^^^^^^^^^^^^^
  ╵
#0      checkedYamlDecode (package:checked_yaml/checked_yaml.dart:48:5)
#1      new Pubspec.parse (package:pubspec_parse/src/pubspec.dart:171:7)
#2      parsePubspec (package:custom_lint/src/package_utils.dart:85:18)
<asynchronous suspension>
#3      CustomLintProject.parse (package:custom_lint/src/workspace.dart:987:28)
<asynchronous suspension>
#4      Future.wait.<anonymous closure> (dart:async/future.dart:523:21)
<asynchronous suspension>
#5      CustomLintWorkspace.fromContextRoots (package:custom_lint/src/workspace.dart:490:22)
<asynchronous suspension>
#6      SocketCustomLintServerToClientChannel.create (package:custom_lint/src/v2/server_to_client_channel.dart:54:23)
<asynchronous suspension>
#7      CustomLintServer._maybeSpawnCustomLintPlugin (package:custom_lint/src/v2/custom_lint_analyzer_plugin.dart:354:23)
<asynchronous suspension>
#8      CustomLintServer._handleAnalysisSetContextRoots.<anonymous closure> (package:custom_lint/src/v2/custom_lint_analyzer_plugin.dart:335:9)
<asynchronous suspension>
#9      PendingOperation.run (package:custom_lint/src/async_operation.dart:22:14)
<asynchronous suspension>
#10     CustomLintServer._handleRequest (package:custom_lint/src/v2/custom_lint_analyzer_plugin.dart:167:22)
<asynchronous suspension>

at:
#0      CustomLintProject.parse.<anonymous closure> (package:custom_lint/src/workspace.dart:990:7)
#1      _rootRunBinary (dart:async/zone.dart:1423:47)
#2      _CustomZone.runBinary (dart:async/zone.dart:1315:19)
#3      _FutureListener.handleError (dart:async/future_impl.dart:177:22)
#4      Future._propagateToListeners.handleError (dart:async/future_impl.dart:858:47)
#5      Future._propagateToListeners (dart:async/future_impl.dart:879:13)
#6      Future._completeError (dart:async/future_impl.dart:655:5)
<asynchronous suspension>

The request analysis.setContextRoots failed with the following error:
RequestErrorCode.PLUGIN_ERROR
Failed to read pubspec.yaml at G:\WorkingPlace\Personal\adventure\client\askservice-mobile:
ParsedYamlException: line 3, column 13: Unsupported value for "publish_to". Must be an http or https URL.
  ╷
3 │ publish_to: "Firebase App Distribute"
  │             ^^^^^^^^^^^^^^^^^^^^^^^^^
  ╵
#0      checkedYamlDecode (package:checked_yaml/checked_yaml.dart:48:5)
#1      new Pubspec.parse (package:pubspec_parse/src/pubspec.dart:171:7)
#2      parsePubspec (package:custom_lint/src/package_utils.dart:85:18)
<asynchronous suspension>
#3      CustomLintProject.parse (package:custom_lint/src/workspace.dart:987:28)
<asynchronous suspension>
#4      Future.wait.<anonymous closure> (dart:async/future.dart:523:21)
<asynchronous suspension>
#5      CustomLintWorkspace.fromContextRoots (package:custom_lint/src/workspace.dart:490:22)
<asynchronous suspension>
#6      SocketCustomLintServerToClientChannel.create (package:custom_lint/src/v2/server_to_client_channel.dart:54:23)
<asynchronous suspension>
#7      CustomLintServer._maybeSpawnCustomLintPlugin (package:custom_lint/src/v2/custom_lint_analyzer_plugin.dart:354:23)
<asynchronous suspension>
#8      CustomLintServer._handleAnalysisSetContextRoots.<anonymous closure> (package:custom_lint/src/v2/custom_lint_analyzer_plugin.dart:335:9)
<asynchronous suspension>
#9      PendingOperation.run (package:custom_lint/src/async_operation.dart:22:14)
<asynchronous suspension>
#10     CustomLintServer._handleRequest (package:custom_lint/src/v2/custom_lint_analyzer_plugin.dart:167:22)
<asynchronous suspension>

at:
#0      CustomLintProject.parse.<anonymous closure> (package:custom_lint/src/workspace.dart:990:7)
#1      _rootRunBinary (dart:async/zone.dart:1423:47)
#2      _CustomZone.runBinary (dart:async/zone.dart:1315:19)
#3      _FutureListener.handleError (dart:async/future_impl.dart:177:22)
#4      Future._propagateToListeners.handleError (dart:async/future_impl.dart:858:47)
#5      Future._propagateToListeners (dart:async/future_impl.dart:879:13)
#6      Future._completeError (dart:async/future_impl.dart:655:5)
<asynchronous suspension>

The request analysis.setContextRoots failed with the following error:
RequestErrorCode.PLUGIN_ERROR
Failed to read pubspec.yaml at G:\WorkingPlace\Personal\AdvenORG\askservice-mobile:
ParsedYamlException: line 3, column 13: Unsupported value for "publish_to". Must be an http or https URL.
  ╷
3 │ publish_to: "Firebase App Distribute"
  │             ^^^^^^^^^^^^^^^^^^^^^^^^^
  ╵
#0      checkedYamlDecode (package:checked_yaml/checked_yaml.dart:48:5)
#1      new Pubspec.parse (package:pubspec_parse/src/pubspec.dart:171:7)
#2      parsePubspec (package:custom_lint/src/package_utils.dart:85:18)
<asynchronous suspension>
#3      CustomLintProject.parse (package:custom_lint/src/workspace.dart:987:28)
<asynchronous suspension>
#4      Future.wait.<anonymous closure> (dart:async/future.dart:523:21)
<asynchronous suspension>
#5      CustomLintWorkspace.fromContextRoots (package:custom_lint/src/workspace.dart:490:22)
<asynchronous suspension>
#6      SocketCustomLintServerToClientChannel.create (package:custom_lint/src/v2/server_to_client_channel.dart:54:23)
<asynchronous suspension>
#7      CustomLintServer._maybeSpawnCustomLintPlugin (package:custom_lint/src/v2/custom_lint_analyzer_plugin.dart:354:23)
<asynchronous suspension>
#8      CustomLintServer._handleAnalysisSetContextRoots.<anonymous closure> (package:custom_lint/src/v2/custom_lint_analyzer_plugin.dart:335:9)
<asynchronous suspension>
#9      PendingOperation.run (package:custom_lint/src/async_operation.dart:22:14)
<asynchronous suspension>
#10     CustomLintServer._handleRequest (package:custom_lint/src/v2/custom_lint_analyzer_plugin.dart:167:22)
<asynchronous suspension>

at:
#0      CustomLintProject.parse.<anonymous closure> (package:custom_lint/src/workspace.dart:990:7)
#1      _rootRunBinary (dart:async/zone.dart:1423:47)
#2      _CustomZone.runBinary (dart:async/zone.dart:1315:19)
#3      _FutureListener.handleError (dart:async/future_impl.dart:177:22)
#4      Future._propagateToListeners.handleError (dart:async/future_impl.dart:858:47)
#5      Future._propagateToListeners (dart:async/future_impl.dart:879:13)
#6      Future._completeError (dart:async/future_impl.dart:655:5)
<asynchronous suspension>

